<?xml version="1.0" encoding="UTF-8"?>
<testsuite xmlns:xsi="http://www.w3.org/2001/XMLSchema-instance" xsi:schemaLocation="https://maven.apache.org/surefire/maven-surefire-plugin/xsd/surefire-test-report.xsd" name="TestSuite" time="23.726" tests="3" errors="0" skipped="0" failures="0">
  <properties>
[...]
</properties>
  <testcase name="runScenario" classname="TestRunner.CucumberTestRunner" time="6.86"/>
  <testcase name="runScenario" classname="TestRunner.CucumberTestRunner" time="5.389"/>
  <testcase name="runScenario" classname="TestRunner.CucumberTestRunner" time="9.66"/>
</testsuite>